0 info it worked if it ends with ok
1 verbose cli [ 'C:\\Program Files\\nodejs\\node.exe',
1 verbose cli   'C:\\Program Files\\nodejs\\node_modules\\npm\\bin\\npm-cli.js',
1 verbose cli   'cofig',
1 verbose cli   'edit' ]
2 info using npm@2.15.1
3 info using node@v4.4.4
4 verbose stack Error: EPERM: operation not permitted, mkdir 'C:\Program Files\Git\public'
4 verbose stack     at Error (native)
5 verbose cwd C:\wamp64\www\pveb\PVEB_Projekat
6 error Windows_NT 10.0.10586
7 error argv "C:\\Program Files\\nodejs\\node.exe" "C:\\Program Files\\nodejs\\node_modules\\npm\\bin\\npm-cli.js" "cofig" "edit"
8 error node v4.4.4
9 error npm  v2.15.1
10 error path C:\Program Files\Git\public
11 error code EPERM
12 error errno -4048
13 error syscall mkdir
14 error Error: EPERM: operation not permitted, mkdir 'C:\Program Files\Git\public'
14 error     at Error (native)
14 error  { [Error: EPERM: operation not permitted, mkdir 'C:\Program Files\Git\public']
14 error   errno: -4048,
14 error   code: 'EPERM',
14 error   syscall: 'mkdir',
14 error   path: 'C:\\Program Files\\Git\\public' }
15 error Please try running this command again as root/Administrator.
16 verbose exit [ -4048, true ]
